[2025-05-15 13:40:56] local.INFO: /var/www/html/storage/app/private/imports/products_2025_05_15_9_27_17_AM.csv  
[2025-05-15 14:45:40] local.INFO: array (
  0 => 'A00000001',
  1 => 'B00000001',
  2 => 'B00000001',
  3 => 'B00000001',
  4 => 'C00000001',
  5 => 'D00000001',
  6 => 'D00000001',
  7 => 'E00000001',
  8 => 'E00000001',
  9 => 'E00000001',
  10 => 'E00000001',
  11 => 'E00000001',
  12 => 'G00000004',
  13 => 'G00000004',
  14 => 'G00000004',
  15 => 'G00000004',
  16 => 'H00000001',
  17 => 'K00000001',
  18 => 'K00000001',
  19 => 'L00000001',
  20 => 'L00000001',
  21 => 'L00000001',
  22 => 'M00000001',
  23 => 'N00000001',
  24 => 'N00000001',
  25 => 'P00000001',
  26 => 'P00000001',
  27 => 'P00000001',
  28 => 'S00000001',
  29 => 'S00000001',
  30 => 'S00000001',
  31 => 'S00000001',
  32 => 'S00000001',
  33 => 'T00000001',
  34 => 'U00000002',
  35 => 'V00000001',
  36 => 'W00000001',
  37 => 'W00000001',
  38 => 'W00000001',
  39 => 'W00000001',
  40 => 'W00000001',
)  
[2025-05-15 14:59:43] local.INFO: /var/www/html/storage/app/private/imports/products_2025_05_15_9_27_17_AM.csv  
